Test run at 2025-05-27T12:45:55.768Z
Contract address: 0x74feD763FbE911634B02C139A10820c9d9fdF9BD
Network: DPoS (21 delegates, 3000ms block time)

Action: Register Industry 1
Delegate: 0xf39Fd6e51aad88F6F4ce6aB8827279cffFb92266
Gas used: 133437
Transaction hash: undefined
Block number: 2
Duration: 3010ms

Action: Register Industry 2
Delegate: 0x70997970C51812dc3A010C7d01b50e0d17dc79C8
Gas used: 133425
Transaction hash: undefined
Block number: 3
Duration: 3003ms

Action: Register Industry 3
Delegate: 0x3C44CdDdB6a900fa2b585dd299e03d12FA4293BC
Gas used: 133437
Transaction hash: undefined
Block number: 4
Duration: 3004ms

Action: Update Industry 1 Emissions
Delegate: 0x90F79bf6EB2c4f870365E785982E1f101E93b906
Gas used: 159894
Transaction hash: undefined
Block number: 5
Duration: 3003ms

Action: Update Industry 2 Emissions
Delegate: 0x15d34AAf54267DB7D7c367839AAf71A00a2C6A65
Gas used: 159906
Transaction hash: undefined
Block number: 6
Duration: 3002ms

Action: Update Industry 3 Emissions
Delegate: 0x9965507D1a55bcC2695C58ba16FB37d819B0A4dc
Gas used: 159894
Transaction hash: undefined
Block number: 7
Duration: 3002ms

Action: Allocate Free Credits to Industry 1
Delegate: 0x976EA74026E726554dB657fA54763abd0C3a0aa9
Gas used: 54413
Transaction hash: undefined
Block number: 8
Duration: 3005ms

Action: Allocate Free Credits to Industry 2
Delegate: 0x14dC79964da2C08b23698B3D3cc7Ca32193d9955
Gas used: 54814
Transaction hash: undefined
Block number: 9
Duration: 3002ms

Action: Allocate Free Credits to Industry 3
Test run at 2025-05-27T13:47:27.498Z
Contract address: 0x74feD763FbE911634B02C139A10820c9d9fdF9BD
Network: DPoS (21 delegates, 3000ms block time)

Action: Register Industry 1
Delegate: 0xf39Fd6e51aad88F6F4ce6aB8827279cffFb92266
Gas used: 133437
Transaction hash: undefined
Block number: 2
Duration: 3006ms

Action: Register Industry 2
Delegate: 0x70997970C51812dc3A010C7d01b50e0d17dc79C8
Gas used: 133425
Transaction hash: undefined
Block number: 3
Duration: 3007ms

Action: Register Industry 3
Delegate: 0x3C44CdDdB6a900fa2b585dd299e03d12FA4293BC
Gas used: 133437
Transaction hash: undefined
Block number: 4
Duration: 3007ms

Action: Update Industry 1 Emissions
Delegate: 0x90F79bf6EB2c4f870365E785982E1f101E93b906
Gas used: 159894
Transaction hash: undefined
Block number: 5
Duration: 3010ms

Action: Update Industry 2 Emissions
Delegate: 0x15d34AAf54267DB7D7c367839AAf71A00a2C6A65
Gas used: 159906
Transaction hash: undefined
Block number: 6
Duration: 3003ms

Action: Update Industry 3 Emissions
Delegate: 0x9965507D1a55bcC2695C58ba16FB37d819B0A4dc
Gas used: 159894
Transaction hash: undefined
Block number: 7
Duration: 1953ms

Action: Allocate Free Credits to Industry 1
Delegate: 0x976EA74026E726554dB657fA54763abd0C3a0aa9
Gas used: 54413
Transaction hash: undefined
Block number: 8
Duration: 3007ms

Action: Allocate Free Credits to Industry 2
Delegate: 0x14dC79964da2C08b23698B3D3cc7Ca32193d9955
Gas used: 54814
Transaction hash: undefined
Block number: 9
Duration: 3005ms

Action: Allocate Free Credits to Industry 3
Delegate: 0x23618e81E3f5cdF7f54C3d65f7FBc0aBf5B21E8f
Gas used: 54413
Transaction hash: undefined
Block number: 10
Duration: 3006ms

Action: Create Auction
Delegate: 0xa0Ee7A142d267C1f36714E4a8F75612F20a79720
Gas used: 93224
Transaction hash: undefined
Block number: 11
Duration: 3011ms

Test run at 2025-05-27T14:06:59.968Z
Contract address: 0x74feD763FbE911634B02C139A10820c9d9fdF9BD
Network: DPoS (21 delegates, 3000ms block time)

Action: Register Industry 1
Delegate: 0xf39Fd6e51aad88F6F4ce6aB8827279cffFb92266
Gas used: 133437
Transaction hash: undefined
Block number: 2
Duration: 1941ms

Action: Register Industry 2
Delegate: 0x70997970C51812dc3A010C7d01b50e0d17dc79C8
Gas used: 133425
Transaction hash: undefined
Block number: 3
Duration: 3005ms

Action: Register Industry 3
Delegate: 0x3C44CdDdB6a900fa2b585dd299e03d12FA4293BC
Gas used: 133437
Transaction hash: undefined
Block number: 4
Duration: 3003ms

Action: Update Industry 1 Emissions
Delegate: 0x90F79bf6EB2c4f870365E785982E1f101E93b906
Gas used: 159894
Transaction hash: undefined
Block number: 5
Duration: 3006ms

Action: Update Industry 2 Emissions
Delegate: 0x15d34AAf54267DB7D7c367839AAf71A00a2C6A65
Gas used: 159906
Transaction hash: undefined
Block number: 6
Duration: 3006ms

Action: Update Industry 3 Emissions
Delegate: 0x9965507D1a55bcC2695C58ba16FB37d819B0A4dc
Gas used: 159894
Transaction hash: undefined
Block number: 7
Duration: 3002ms

Action: Allocate Free Credits to Industry 1
Delegate: 0x976EA74026E726554dB657fA54763abd0C3a0aa9
Gas used: 54413
Transaction hash: undefined
Block number: 8
Duration: 3004ms

Action: Allocate Free Credits to Industry 2
Delegate: 0x14dC79964da2C08b23698B3D3cc7Ca32193d9955
Gas used: 54814
Transaction hash: undefined
Block number: 9
Duration: 3003ms

Action: Allocate Free Credits to Industry 3
Delegate: 0x23618e81E3f5cdF7f54C3d65f7FBc0aBf5B21E8f
Gas used: 54413
Transaction hash: undefined
Block number: 10
Duration: 3006ms

Action: Create Auction
Delegate: 0xa0Ee7A142d267C1f36714E4a8F75612F20a79720
Gas used: 93224
Transaction hash: undefined
Block number: 11
Duration: 3005ms

Error in Place Bid - Industry 1: VM Exception while processing transaction: reverted with reason string 'Incorrect ETH amount'

Test run at 2025-05-27T14:13:15.675Z
Contract address: 0x74feD763FbE911634B02C139A10820c9d9fdF9BD
Network: DPoS (21 delegates, 3000ms block time)

Action: Register Industry 1
Delegate: 0xf39Fd6e51aad88F6F4ce6aB8827279cffFb92266
Gas used: 133437
Transaction hash: undefined
Block number: 2
Duration: 1941ms

Action: Register Industry 2
Delegate: 0x70997970C51812dc3A010C7d01b50e0d17dc79C8
Gas used: 133425
Transaction hash: undefined
Block number: 3
Duration: 3004ms

Action: Register Industry 3
Delegate: 0x3C44CdDdB6a900fa2b585dd299e03d12FA4293BC
Gas used: 133437
Transaction hash: undefined
Block number: 4
Duration: 3004ms

Action: Update Industry 1 Emissions
Delegate: 0x90F79bf6EB2c4f870365E785982E1f101E93b906
Gas used: 159894
Transaction hash: undefined
Block number: 5
Duration: 3004ms

Action: Update Industry 2 Emissions
Delegate: 0x15d34AAf54267DB7D7c367839AAf71A00a2C6A65
Gas used: 159906
Transaction hash: undefined
Block number: 6
Duration: 3004ms

Action: Update Industry 3 Emissions
Delegate: 0x9965507D1a55bcC2695C58ba16FB37d819B0A4dc
Gas used: 159894
Transaction hash: undefined
Block number: 7
Duration: 3005ms

Action: Allocate Free Credits to Industry 1
Delegate: 0x976EA74026E726554dB657fA54763abd0C3a0aa9
Gas used: 54413
Transaction hash: undefined
Block number: 8
Duration: 3013ms

Action: Allocate Free Credits to Industry 2
Delegate: 0x14dC79964da2C08b23698B3D3cc7Ca32193d9955
Gas used: 54814
Transaction hash: undefined
Block number: 9
Duration: 3003ms

Action: Allocate Free Credits to Industry 3
Delegate: 0x23618e81E3f5cdF7f54C3d65f7FBc0aBf5B21E8f
Gas used: 54413
Transaction hash: undefined
Block number: 10
Duration: 3009ms

Action: Create Auction
Delegate: 0xa0Ee7A142d267C1f36714E4a8F75612F20a79720
Gas used: 93224
Transaction hash: undefined
Block number: 11
Duration: 3006ms

Error in Place Bid - Industry 1 (10 credits): VM Exception while processing transaction: reverted with reason string 'Incorrect ETH amount'

Test run at 2025-05-27T14:17:28.154Z
Contract address: 0x74feD763FbE911634B02C139A10820c9d9fdF9BD
Network: DPoS (21 delegates, 3000ms block time)

Action: Register Industry 1
Delegate: 0xf39Fd6e51aad88F6F4ce6aB8827279cffFb92266
Gas used: 133437
Transaction hash: undefined
Block number: 2
Duration: 3006ms

Action: Register Industry 2
Delegate: 0x70997970C51812dc3A010C7d01b50e0d17dc79C8
Gas used: 133425
Transaction hash: undefined
Block number: 3
Duration: 3005ms

Action: Register Industry 3
Delegate: 0x3C44CdDdB6a900fa2b585dd299e03d12FA4293BC
Gas used: 133437
Transaction hash: undefined
Block number: 4
Duration: 3005ms

Action: Update Industry 1 Emissions
Delegate: 0x90F79bf6EB2c4f870365E785982E1f101E93b906
Gas used: 159894
Transaction hash: undefined
Block number: 5
Duration: 1921ms

Action: Update Industry 2 Emissions
Delegate: 0x15d34AAf54267DB7D7c367839AAf71A00a2C6A65
Gas used: 159906
Transaction hash: undefined
Block number: 6
Duration: 3008ms

Action: Update Industry 3 Emissions
Delegate: 0x9965507D1a55bcC2695C58ba16FB37d819B0A4dc
Gas used: 159894
Transaction hash: undefined
Block number: 7
Duration: 3001ms

Action: Allocate Free Credits to Industry 1
Delegate: 0x976EA74026E726554dB657fA54763abd0C3a0aa9
Gas used: 54413
Transaction hash: undefined
Block number: 8
Duration: 3001ms

Action: Allocate Free Credits to Industry 2
Delegate: 0x14dC79964da2C08b23698B3D3cc7Ca32193d9955
Gas used: 54814
Transaction hash: undefined
Block number: 9
Duration: 3002ms

Action: Allocate Free Credits to Industry 3
Delegate: 0x23618e81E3f5cdF7f54C3d65f7FBc0aBf5B21E8f
Gas used: 54413
Transaction hash: undefined
Block number: 10
Duration: 3005ms

Action: Create Auction
Delegate: 0xa0Ee7A142d267C1f36714E4a8F75612F20a79720
Gas used: 93224
Transaction hash: undefined
Block number: 11
Duration: 3004ms

Action: Finalize Auction
Delegate: 0xBcd4042DE499D14e55001CcbB24a551F3b954096
Gas used: 30006
Transaction hash: undefined
Block number: 12
Duration: 3006ms

Action: Trade Credits
